<?xml version="1.0" encoding="UTF-8"?>
<beans xmlns:xsi="http://www.w3.org/2001/XMLSchema-instance"
       xmlns="http://www.springframework.org/schema/beans"
       xsi:schemaLocation="http://www.springframework.org/schema/beans http://www.springframework.org/schema/beans/spring-beans.xsd">

    <bean id="dataSource" class="org.apache.commons.dbcp.BasicDataSource" destroy-method="close">
        <property name="driverClassName" value="${jdbc.driver}"/>
        <property name="url" value="${jdbc.url}"/>
        <property name="timeBetweenEvictionRunsMillis" value="30000"/>
        <property name="validationQuery" value="select * from dual"/>
        <property name="testWhileIdle" value="true"/>
        <property name="validationQueryTimeout" value="3"/>
    </bean>

</beans>
